Arguments: 
  /Users/gaetansenn/.nvm/versions/node/v14.15.1/bin/node /Users/gaetansenn/.yarn/bin/yarn.js install

PATH: 
  /Users/gaetansenn/.nvm/versions/node/v14.15.1/bin:/Users/gaetansenn/miniconda/bin:/Users/gaetansenn/miniconda/condabin:/Users/gaetansenn/.yarn/bin:/Users/gaetansenn/.config/yarn/global/node_modules/.bin:/Users/gaetansenn/.gem/ruby/2.3.0/bin:/usr/local/bin:/usr/bin:/bin:/usr/sbin:/sbin:/opt/X11/bin:/Users/gaetansenn/Library/Android/sdk/build-tools/29.0.2:/Users/gaetansenn/Library/Android/sdk/tools:/Applications/flutter/bin

Yarn version: 
  1.19.2

Node version: 
  14.15.1

Platform: 
  darwin x64

Trace: 
  SyntaxError: /Users/gaetansenn/Development/dewib/dw-nest-sequelize-pagination/package.json: Unexpected token } in JSON at position 660
      at JSON.parse (<anonymous>)
      at /Users/gaetansenn/.yarn/lib/cli.js:1625:59
      at Generator.next (<anonymous>)
      at step (/Users/gaetansenn/.yarn/lib/cli.js:304:30)
      at /Users/gaetansenn/.yarn/lib/cli.js:315:13

npm manifest: 
  {
    "scripts": {
      "build": "tsc -p tsconfig.json",
      "prepublish:next": "npm run build",
      "publish:next": "npm publish --access public --tag next",
      "prepublish:npm": "npm run build"
    },
    "devDependencies": {
      "@commitlint/cli": "13.1.0",
      "@commitlint/config-angular": "13.1.0",
      "@nestjs/common": "8.0.6",
      "@nestjs/core": "8.0.6",
      "typescript": "^4.3.5",
      "@types/node": "14.17.9",
      "@typescript-eslint/eslint-plugin": "4.29.0",
      "@typescript-eslint/parser": "4.29.0",
      "eslint": "7.32.0",
      "eslint-config-prettier": "8.3.0",
      "eslint-plugin-import": "2.23.4",
      "husky": "7.0.1",
      "prettier": "2.3.2",
    },
    "peerDependencies": {
      "@nestjs/common": "^8.0.0",
      "@nestjs/core": "^8.0.0",
    },
    "lint-staged": {
      "*.ts": [
        "prettier --write",
        "git add -f"
      ]
    },
    "husky": {
      "hooks": {
        "pre-commit": "lint-staged",
        "commit-msg": "commitlint -c .commitlintrc.json -E HUSKY_GIT_PARAMS"
      }
    }
  }

yarn manifest: 
  No manifest

Lockfile: 
  # THIS IS AN AUTOGENERATED FILE. DO NOT EDIT THIS FILE DIRECTLY.
  # yarn lockfile v1
  
  
  "@nestjs/common@^8.0.6":
    version "8.0.6"
    resolved "https://registry.yarnpkg.com/@nestjs/common/-/common-8.0.6.tgz#52157de0bde7a439b2248ffd6d5e221fd593bc93"
    integrity sha512-mSD000iYJDN2wjL2hbygCVNVvzvi3VW5EDc25gK1Bj3wUU2HR8m1qOAUBqcCaGIuvBb2cD/pnVkKklnsY0rKhw==
    dependencies:
      axios "0.21.1"
      iterare "1.2.1"
      tslib "2.3.0"
      uuid "8.3.2"
  
  axios@0.21.1:
    version "0.21.1"
    resolved "https://registry.yarnpkg.com/axios/-/axios-0.21.1.tgz#22563481962f4d6bde9a76d516ef0e5d3c09b2b8"
    integrity sha512-dKQiRHxGD9PPRIUNIWvZhPTPpl1rf/OxTYKsqKUDjBwYylTvV7SjSHJb9ratfyzM6wCdLCOYLzs73qpg5c4iGA==
    dependencies:
      follow-redirects "^1.10.0"
  
  follow-redirects@^1.10.0:
    version "1.14.1"
    resolved "https://registry.yarnpkg.com/follow-redirects/-/follow-redirects-1.14.1.tgz#d9114ded0a1cfdd334e164e6662ad02bfd91ff43"
    integrity sha512-HWqDgT7ZEkqRzBvc2s64vSZ/hfOceEol3ac/7tKwzuvEyWx3/4UegXh5oBOIotkGsObyk3xznnSRVADBgWSQVg==
  
  iterare@1.2.1:
    version "1.2.1"
    resolved "https://registry.yarnpkg.com/iterare/-/iterare-1.2.1.tgz#139c400ff7363690e33abffa33cbba8920f00042"
    integrity sha512-RKYVTCjAnRthyJes037NX/IiqeidgN1xc3j1RjFfECFp28A1GVwK9nA+i0rJPaHqSZwygLzRnFlzUuHFoWWy+Q==
  
  rxjs@^7:
    version "7.3.0"
    resolved "https://registry.yarnpkg.com/rxjs/-/rxjs-7.3.0.tgz#39fe4f3461dc1e50be1475b2b85a0a88c1e938c6"
    integrity sha512-p2yuGIg9S1epc3vrjKf6iVb3RCaAYjYskkO+jHIaV0IjOPlJop4UnodOoFb2xeNwlguqLYvGw1b1McillYb5Gw==
    dependencies:
      tslib "~2.1.0"
  
  tslib@2.3.0:
    version "2.3.0"
    resolved "https://registry.yarnpkg.com/tslib/-/tslib-2.3.0.tgz#803b8cdab3e12ba581a4ca41c8839bbb0dacb09e"
    integrity sha512-N82ooyxVNm6h1riLCoyS9e3fuJ3AMG2zIZs2Gd1ATcSFjSA23Q0fzjjZeh0jbJvWVDZ0cJT8yaNNaaXHzueNjg==
  
  tslib@~2.1.0:
    version "2.1.0"
    resolved "https://registry.yarnpkg.com/tslib/-/tslib-2.1.0.tgz#da60860f1c2ecaa5703ab7d39bc05b6bf988b97a"
    integrity sha512-hcVC3wYEziELGGmEEXue7D75zbwIIVUMWAVbHItGPx0ziyXxrOMQx4rQEVEV45Ut/1IotuEvwqPopzIOkDMf0A==
  
  typescript@^4.3.5:
    version "4.3.5"
    resolved "https://registry.yarnpkg.com/typescript/-/typescript-4.3.5.tgz#4d1c37cc16e893973c45a06886b7113234f119f4"
    integrity sha512-DqQgihaQ9cUrskJo9kIyW/+g0Vxsk8cDtZ52a3NGh0YNTfpUSArXSohyUGnvbPazEPLu398C0UxmKSOrPumUzA==
  
  uuid@8.3.2:
    version "8.3.2"
    resolved "https://registry.yarnpkg.com/uuid/-/uuid-8.3.2.tgz#80d5b5ced271bb9af6c445f21a1a04c606cefbe2"
    integrity sha512-+NYs2QeMWy+GWFOEm9xnn6HCDp0l7QBD7ml8zLUmJ+93Q5NF0NocErnwkTkXVFNiX3/fpC6afS8Dhb/gz7R7eg==
